<?xml version="1.0" encoding="UTF-8"?>
<!-- Generated by org.testng.reporters.JUnitReportReporter -->
<testsuite skipped="27" hostname="DESKTOP-HVP7PI8" name="com.nse.stock.tests.StockProfitLossTest" tests="30" failures="0" timestamp="2025-09-29T22:05:27 IST" time="7.011" errors="3">
  <testcase name="setUp" time="1.288" classname="com.nse.stock.tests.StockProfitLossTest">
    <error type="java.lang.RuntimeException" message="WebDriver setup failed">
      <![CDATA[java.lang.RuntimeException: WebDriver setup failed
at com.nse.stock.base.BaseTest.setUp(BaseTest.java:59)
at sun.reflect.NativeMethodAccessorImpl.invoke0(Native Method)
at sun.reflect.NativeMethodAccessorImpl.invoke(NativeMethodAccessorImpl.java:62)
at sun.reflect.DelegatingMethodAccessorImpl.invoke(DelegatingMethodAccessorImpl.java:43)
at java.lang.reflect.Method.invoke(Method.java:498)
at org.testng.internal.MethodInvocationHelper.invokeMethod(MethodInvocationHelper.java:133)
at org.testng.internal.MethodInvocationHelper.invokeMethodConsideringTimeout(MethodInvocationHelper.java:62)
at org.testng.internal.ConfigInvoker.invokeConfigurationMethod(ConfigInvoker.java:385)
at org.testng.internal.ConfigInvoker.invokeConfigurations(ConfigInvoker.java:321)
at org.testng.internal.TestInvoker.runConfigMethods(TestInvoker.java:700)
at org.testng.internal.TestInvoker.invokeMethod(TestInvoker.java:527)
at org.testng.internal.TestInvoker.invokeTestMethod(TestInvoker.java:173)
at org.testng.internal.MethodRunner.runInSequence(MethodRunner.java:46)
at org.testng.internal.TestInvoker$MethodInvocationAgent.invoke(TestInvoker.java:824)
at org.testng.internal.TestInvoker.invokeTestMethods(TestInvoker.java:146)
at org.testng.internal.TestMethodWorker.invokeTestMethods(TestMethodWorker.java:146)
at org.testng.internal.TestMethodWorker.run(TestMethodWorker.java:128)
at java.util.concurrent.ThreadPoolExecutor.runWorker(ThreadPoolExecutor.java:1142)
at java.util.concurrent.ThreadPoolExecutor$Worker.run(ThreadPoolExecutor.java:617)
at java.lang.Thread.run(Thread.java:745)
Caused by: java.lang.RuntimeException: Edge driver setup failed: io.github.bonigarcia.wdm.config.WebDriverManagerException: java.net.UnknownHostException: msedgedriver.azureedge.net
at com.nse.stock.utils.DriverManager.createEdgeDriver(DriverManager.java:162)
at com.nse.stock.utils.DriverManager.createDriver(DriverManager.java:65)
at com.nse.stock.utils.DriverManager.getDriver(DriverManager.java:32)
at com.nse.stock.base.BaseTest.setUp(BaseTest.java:42)
... 19 more
Caused by: io.github.bonigarcia.wdm.config.WebDriverManagerException: io.github.bonigarcia.wdm.config.WebDriverManagerException: java.net.UnknownHostException: msedgedriver.azureedge.net
at io.github.bonigarcia.wdm.WebDriverManager.handleException(WebDriverManager.java:1435)
at io.github.bonigarcia.wdm.WebDriverManager.manage(WebDriverManager.java:1195)
at io.github.bonigarcia.wdm.WebDriverManager.fallback(WebDriverManager.java:1451)
at io.github.bonigarcia.wdm.WebDriverManager.handleException(WebDriverManager.java:1432)
at io.github.bonigarcia.wdm.WebDriverManager.manage(WebDriverManager.java:1195)
at io.github.bonigarcia.wdm.WebDriverManager.handleException(WebDriverManager.java:1425)
at io.github.bonigarcia.wdm.WebDriverManager.manage(WebDriverManager.java:1195)
at io.github.bonigarcia.wdm.WebDriverManager.setup(WebDriverManager.java:427)
at com.nse.stock.utils.DriverManager.createEdgeDriver(DriverManager.java:156)
... 22 more
Caused by: io.github.bonigarcia.wdm.config.WebDriverManagerException: java.net.UnknownHostException: msedgedriver.azureedge.net
at io.github.bonigarcia.wdm.WebDriverManager.getDriversFromXml(WebDriverManager.java:1586)
at io.github.bonigarcia.wdm.managers.EdgeDriverManager.getDriverUrls(EdgeDriverManager.java:115)
at io.github.bonigarcia.wdm.WebDriverManager.createUrlHandler(WebDriverManager.java:1456)
at io.github.bonigarcia.wdm.WebDriverManager.download(WebDriverManager.java:1277)
at io.github.bonigarcia.wdm.WebDriverManager.manage(WebDriverManager.java:1189)
... 29 more
Caused by: java.net.UnknownHostException: msedgedriver.azureedge.net
at java.net.InetAddress.getAllByName0(InetAddress.java:1280)
at java.net.InetAddress.getAllByName(InetAddress.java:1192)
at java.net.InetAddress.getAllByName(InetAddress.java:1126)
at org.apache.hc.client5.http.SystemDefaultDnsResolver.resolve(SystemDefaultDnsResolver.java:43)
at org.apache.hc.client5.http.impl.io.DefaultHttpClientConnectionOperator.connect(DefaultHttpClientConnectionOperator.java:141)
at org.apache.hc.client5.http.impl.io.PoolingHttpClientConnectionManager.connect(PoolingHttpClientConnectionManager.java:447)
at org.apache.hc.client5.http.impl.classic.InternalExecRuntime.connectEndpoint(InternalExecRuntime.java:162)
at org.apache.hc.client5.http.impl.classic.InternalExecRuntime.connectEndpoint(InternalExecRuntime.java:172)
at org.apache.hc.client5.http.impl.classic.ConnectExec.execute(ConnectExec.java:142)
at org.apache.hc.client5.http.impl.classic.ExecChainElement.execute(ExecChainElement.java:51)
at org.apache.hc.client5.http.impl.classic.ProtocolExec.execute(ProtocolExec.java:192)
at org.apache.hc.client5.http.impl.classic.ExecChainElement.execute(ExecChainElement.java:51)
at org.apache.hc.client5.http.impl.classic.HttpRequestRetryExec.execute(HttpRequestRetryExec.java:96)
at org.apache.hc.client5.http.impl.classic.ExecChainElement.execute(ExecChainElement.java:51)
at org.apache.hc.client5.http.impl.classic.ContentCompressionExec.execute(ContentCompressionExec.java:152)
at org.apache.hc.client5.http.impl.classic.ExecChainElement.execute(ExecChainElement.java:51)
at org.apache.hc.client5.http.impl.classic.RedirectExec.execute(RedirectExec.java:115)
at org.apache.hc.client5.http.impl.classic.ExecChainElement.execute(ExecChainElement.java:51)
at org.apache.hc.client5.http.impl.classic.InternalHttpClient.doExecute(InternalHttpClient.java:170)
at org.apache.hc.client5.http.impl.classic.CloseableHttpClient.execute(CloseableHttpClient.java:87)
at org.apache.hc.client5.http.impl.classic.CloseableHttpClient.execute(CloseableHttpClient.java:55)
at org.apache.hc.client5.http.classic.HttpClient.executeOpen(HttpClient.java:183)
at io.github.bonigarcia.wdm.online.HttpClient.execute(HttpClient.java:162)
at io.github.bonigarcia.wdm.WebDriverManager.getDriversFromXml(WebDriverManager.java:1571)
... 33 more
]]>
    </error>
  </testcase> <!-- setUp -->
  <system-out/>
  <testcase name="setUp" time="4.415" classname="com.nse.stock.tests.StockProfitLossTest">
    <error type="java.lang.RuntimeException" message="WebDriver setup failed">
      <![CDATA[java.lang.RuntimeException: WebDriver setup failed
at com.nse.stock.base.BaseTest.setUp(BaseTest.java:59)
at sun.reflect.NativeMethodAccessorImpl.invoke0(Native Method)
at sun.reflect.NativeMethodAccessorImpl.invoke(NativeMethodAccessorImpl.java:62)
at sun.reflect.DelegatingMethodAccessorImpl.invoke(DelegatingMethodAccessorImpl.java:43)
at java.lang.reflect.Method.invoke(Method.java:498)
at org.testng.internal.MethodInvocationHelper.invokeMethod(MethodInvocationHelper.java:133)
at org.testng.internal.MethodInvocationHelper.invokeMethodConsideringTimeout(MethodInvocationHelper.java:62)
at org.testng.internal.ConfigInvoker.invokeConfigurationMethod(ConfigInvoker.java:385)
at org.testng.internal.ConfigInvoker.invokeConfigurations(ConfigInvoker.java:321)
at org.testng.internal.TestInvoker.runConfigMethods(TestInvoker.java:700)
at org.testng.internal.TestInvoker.invokeMethod(TestInvoker.java:527)
at org.testng.internal.TestInvoker.invokeTestMethod(TestInvoker.java:173)
at org.testng.internal.MethodRunner.runInSequence(MethodRunner.java:46)
at org.testng.internal.TestInvoker$MethodInvocationAgent.invoke(TestInvoker.java:824)
at org.testng.internal.TestInvoker.invokeTestMethods(TestInvoker.java:146)
at org.testng.internal.TestMethodWorker.invokeTestMethods(TestMethodWorker.java:146)
at org.testng.internal.TestMethodWorker.run(TestMethodWorker.java:128)
at java.util.concurrent.ThreadPoolExecutor.runWorker(ThreadPoolExecutor.java:1142)
at java.util.concurrent.ThreadPoolExecutor$Worker.run(ThreadPoolExecutor.java:617)
at java.lang.Thread.run(Thread.java:745)
Caused by: java.lang.RuntimeException: Edge driver setup failed: io.github.bonigarcia.wdm.config.WebDriverManagerException: java.net.UnknownHostException: msedgedriver.azureedge.net
at com.nse.stock.utils.DriverManager.createEdgeDriver(DriverManager.java:162)
at com.nse.stock.utils.DriverManager.createDriver(DriverManager.java:65)
at com.nse.stock.utils.DriverManager.getDriver(DriverManager.java:32)
at com.nse.stock.base.BaseTest.setUp(BaseTest.java:42)
... 19 more
Caused by: io.github.bonigarcia.wdm.config.WebDriverManagerException: io.github.bonigarcia.wdm.config.WebDriverManagerException: java.net.UnknownHostException: msedgedriver.azureedge.net
at io.github.bonigarcia.wdm.WebDriverManager.handleException(WebDriverManager.java:1435)
at io.github.bonigarcia.wdm.WebDriverManager.manage(WebDriverManager.java:1195)
at io.github.bonigarcia.wdm.WebDriverManager.fallback(WebDriverManager.java:1451)
at io.github.bonigarcia.wdm.WebDriverManager.handleException(WebDriverManager.java:1432)
at io.github.bonigarcia.wdm.WebDriverManager.manage(WebDriverManager.java:1195)
at io.github.bonigarcia.wdm.WebDriverManager.handleException(WebDriverManager.java:1425)
at io.github.bonigarcia.wdm.WebDriverManager.manage(WebDriverManager.java:1195)
at io.github.bonigarcia.wdm.WebDriverManager.setup(WebDriverManager.java:427)
at com.nse.stock.utils.DriverManager.createEdgeDriver(DriverManager.java:156)
... 22 more
Caused by: io.github.bonigarcia.wdm.config.WebDriverManagerException: java.net.UnknownHostException: msedgedriver.azureedge.net
at io.github.bonigarcia.wdm.WebDriverManager.getDriversFromXml(WebDriverManager.java:1586)
at io.github.bonigarcia.wdm.managers.EdgeDriverManager.getDriverUrls(EdgeDriverManager.java:115)
at io.github.bonigarcia.wdm.WebDriverManager.createUrlHandler(WebDriverManager.java:1456)
at io.github.bonigarcia.wdm.WebDriverManager.download(WebDriverManager.java:1277)
at io.github.bonigarcia.wdm.WebDriverManager.manage(WebDriverManager.java:1189)
... 29 more
Caused by: java.net.UnknownHostException: msedgedriver.azureedge.net
at java.net.InetAddress.getAllByName0(InetAddress.java:1280)
at java.net.InetAddress.getAllByName(InetAddress.java:1192)
at java.net.InetAddress.getAllByName(InetAddress.java:1126)
at org.apache.hc.client5.http.SystemDefaultDnsResolver.resolve(SystemDefaultDnsResolver.java:43)
at org.apache.hc.client5.http.impl.io.DefaultHttpClientConnectionOperator.connect(DefaultHttpClientConnectionOperator.java:141)
at org.apache.hc.client5.http.impl.io.PoolingHttpClientConnectionManager.connect(PoolingHttpClientConnectionManager.java:447)
at org.apache.hc.client5.http.impl.classic.InternalExecRuntime.connectEndpoint(InternalExecRuntime.java:162)
at org.apache.hc.client5.http.impl.classic.InternalExecRuntime.connectEndpoint(InternalExecRuntime.java:172)
at org.apache.hc.client5.http.impl.classic.ConnectExec.execute(ConnectExec.java:142)
at org.apache.hc.client5.http.impl.classic.ExecChainElement.execute(ExecChainElement.java:51)
at org.apache.hc.client5.http.impl.classic.ProtocolExec.execute(ProtocolExec.java:192)
at org.apache.hc.client5.http.impl.classic.ExecChainElement.execute(ExecChainElement.java:51)
at org.apache.hc.client5.http.impl.classic.HttpRequestRetryExec.execute(HttpRequestRetryExec.java:96)
at org.apache.hc.client5.http.impl.classic.ExecChainElement.execute(ExecChainElement.java:51)
at org.apache.hc.client5.http.impl.classic.ContentCompressionExec.execute(ContentCompressionExec.java:152)
at org.apache.hc.client5.http.impl.classic.ExecChainElement.execute(ExecChainElement.java:51)
at org.apache.hc.client5.http.impl.classic.RedirectExec.execute(RedirectExec.java:115)
at org.apache.hc.client5.http.impl.classic.ExecChainElement.execute(ExecChainElement.java:51)
at org.apache.hc.client5.http.impl.classic.InternalHttpClient.doExecute(InternalHttpClient.java:170)
at org.apache.hc.client5.http.impl.classic.CloseableHttpClient.execute(CloseableHttpClient.java:87)
at org.apache.hc.client5.http.impl.classic.CloseableHttpClient.execute(CloseableHttpClient.java:55)
at org.apache.hc.client5.http.classic.HttpClient.executeOpen(HttpClient.java:183)
at io.github.bonigarcia.wdm.online.HttpClient.execute(HttpClient.java:162)
at io.github.bonigarcia.wdm.WebDriverManager.getDriversFromXml(WebDriverManager.java:1571)
... 33 more
]]>
    </error>
  </testcase> <!-- setUp -->
  <system-out/>
  <testcase name="setUp" time="1.308" classname="com.nse.stock.tests.StockProfitLossTest">
    <error type="java.lang.RuntimeException" message="WebDriver setup failed">
      <![CDATA[java.lang.RuntimeException: WebDriver setup failed
at com.nse.stock.base.BaseTest.setUp(BaseTest.java:59)
at sun.reflect.NativeMethodAccessorImpl.invoke0(Native Method)
at sun.reflect.NativeMethodAccessorImpl.invoke(NativeMethodAccessorImpl.java:62)
at sun.reflect.DelegatingMethodAccessorImpl.invoke(DelegatingMethodAccessorImpl.java:43)
at java.lang.reflect.Method.invoke(Method.java:498)
at org.testng.internal.MethodInvocationHelper.invokeMethod(MethodInvocationHelper.java:133)
at org.testng.internal.MethodInvocationHelper.invokeMethodConsideringTimeout(MethodInvocationHelper.java:62)
at org.testng.internal.ConfigInvoker.invokeConfigurationMethod(ConfigInvoker.java:385)
at org.testng.internal.ConfigInvoker.invokeConfigurations(ConfigInvoker.java:321)
at org.testng.internal.TestInvoker.runConfigMethods(TestInvoker.java:700)
at org.testng.internal.TestInvoker.invokeMethod(TestInvoker.java:527)
at org.testng.internal.TestInvoker.invokeTestMethod(TestInvoker.java:173)
at org.testng.internal.MethodRunner.runInSequence(MethodRunner.java:46)
at org.testng.internal.TestInvoker$MethodInvocationAgent.invoke(TestInvoker.java:824)
at org.testng.internal.TestInvoker.invokeTestMethods(TestInvoker.java:146)
at org.testng.internal.TestMethodWorker.invokeTestMethods(TestMethodWorker.java:146)
at org.testng.internal.TestMethodWorker.run(TestMethodWorker.java:128)
at java.util.concurrent.ThreadPoolExecutor.runWorker(ThreadPoolExecutor.java:1142)
at java.util.concurrent.ThreadPoolExecutor$Worker.run(ThreadPoolExecutor.java:617)
at java.lang.Thread.run(Thread.java:745)
Caused by: java.lang.RuntimeException: Edge driver setup failed: io.github.bonigarcia.wdm.config.WebDriverManagerException: java.net.UnknownHostException: msedgedriver.azureedge.net
at com.nse.stock.utils.DriverManager.createEdgeDriver(DriverManager.java:162)
at com.nse.stock.utils.DriverManager.createDriver(DriverManager.java:65)
at com.nse.stock.utils.DriverManager.getDriver(DriverManager.java:32)
at com.nse.stock.base.BaseTest.setUp(BaseTest.java:42)
... 19 more
Caused by: io.github.bonigarcia.wdm.config.WebDriverManagerException: io.github.bonigarcia.wdm.config.WebDriverManagerException: java.net.UnknownHostException: msedgedriver.azureedge.net
at io.github.bonigarcia.wdm.WebDriverManager.handleException(WebDriverManager.java:1435)
at io.github.bonigarcia.wdm.WebDriverManager.manage(WebDriverManager.java:1195)
at io.github.bonigarcia.wdm.WebDriverManager.fallback(WebDriverManager.java:1451)
at io.github.bonigarcia.wdm.WebDriverManager.handleException(WebDriverManager.java:1432)
at io.github.bonigarcia.wdm.WebDriverManager.manage(WebDriverManager.java:1195)
at io.github.bonigarcia.wdm.WebDriverManager.handleException(WebDriverManager.java:1425)
at io.github.bonigarcia.wdm.WebDriverManager.manage(WebDriverManager.java:1195)
at io.github.bonigarcia.wdm.WebDriverManager.setup(WebDriverManager.java:427)
at com.nse.stock.utils.DriverManager.createEdgeDriver(DriverManager.java:156)
... 22 more
Caused by: io.github.bonigarcia.wdm.config.WebDriverManagerException: java.net.UnknownHostException: msedgedriver.azureedge.net
at io.github.bonigarcia.wdm.WebDriverManager.getDriversFromXml(WebDriverManager.java:1586)
at io.github.bonigarcia.wdm.managers.EdgeDriverManager.getDriverUrls(EdgeDriverManager.java:115)
at io.github.bonigarcia.wdm.WebDriverManager.createUrlHandler(WebDriverManager.java:1456)
at io.github.bonigarcia.wdm.WebDriverManager.download(WebDriverManager.java:1277)
at io.github.bonigarcia.wdm.WebDriverManager.manage(WebDriverManager.java:1189)
... 29 more
Caused by: java.net.UnknownHostException: msedgedriver.azureedge.net
at java.net.InetAddress.getAllByName0(InetAddress.java:1280)
at java.net.InetAddress.getAllByName(InetAddress.java:1192)
at java.net.InetAddress.getAllByName(InetAddress.java:1126)
at org.apache.hc.client5.http.SystemDefaultDnsResolver.resolve(SystemDefaultDnsResolver.java:43)
at org.apache.hc.client5.http.impl.io.DefaultHttpClientConnectionOperator.connect(DefaultHttpClientConnectionOperator.java:141)
at org.apache.hc.client5.http.impl.io.PoolingHttpClientConnectionManager.connect(PoolingHttpClientConnectionManager.java:447)
at org.apache.hc.client5.http.impl.classic.InternalExecRuntime.connectEndpoint(InternalExecRuntime.java:162)
at org.apache.hc.client5.http.impl.classic.InternalExecRuntime.connectEndpoint(InternalExecRuntime.java:172)
at org.apache.hc.client5.http.impl.classic.ConnectExec.execute(ConnectExec.java:142)
at org.apache.hc.client5.http.impl.classic.ExecChainElement.execute(ExecChainElement.java:51)
at org.apache.hc.client5.http.impl.classic.ProtocolExec.execute(ProtocolExec.java:192)
at org.apache.hc.client5.http.impl.classic.ExecChainElement.execute(ExecChainElement.java:51)
at org.apache.hc.client5.http.impl.classic.HttpRequestRetryExec.execute(HttpRequestRetryExec.java:96)
at org.apache.hc.client5.http.impl.classic.ExecChainElement.execute(ExecChainElement.java:51)
at org.apache.hc.client5.http.impl.classic.ContentCompressionExec.execute(ContentCompressionExec.java:152)
at org.apache.hc.client5.http.impl.classic.ExecChainElement.execute(ExecChainElement.java:51)
at org.apache.hc.client5.http.impl.classic.RedirectExec.execute(RedirectExec.java:115)
at org.apache.hc.client5.http.impl.classic.ExecChainElement.execute(ExecChainElement.java:51)
at org.apache.hc.client5.http.impl.classic.InternalHttpClient.doExecute(InternalHttpClient.java:170)
at org.apache.hc.client5.http.impl.classic.CloseableHttpClient.execute(CloseableHttpClient.java:87)
at org.apache.hc.client5.http.impl.classic.CloseableHttpClient.execute(CloseableHttpClient.java:55)
at org.apache.hc.client5.http.classic.HttpClient.executeOpen(HttpClient.java:183)
at io.github.bonigarcia.wdm.online.HttpClient.execute(HttpClient.java:162)
at io.github.bonigarcia.wdm.WebDriverManager.getDriversFromXml(WebDriverManager.java:1571)
... 33 more
]]>
    </error>
  </testcase> <!-- setUp -->
  <system-out/>
  <testcase name="testStockProfitLossCalculation" time="0.000" classname="com.nse.stock.tests.StockProfitLossTest">
    <skipped/>
  </testcase> <!-- testStockProfitLossCalculation -->
  <system-out/>
  <testcase name="testStockProfitLossCalculation" time="0.000" classname="com.nse.stock.tests.StockProfitLossTest">
    <skipped/>
  </testcase> <!-- testStockProfitLossCalculation -->
  <system-out/>
  <testcase name="testStockProfitLossCalculation" time="0.000" classname="com.nse.stock.tests.StockProfitLossTest">
    <skipped/>
  </testcase> <!-- testStockProfitLossCalculation -->
  <system-out/>
  <testcase name="testStockProfitLossCalculation" time="0.000" classname="com.nse.stock.tests.StockProfitLossTest">
    <skipped/>
  </testcase> <!-- testStockProfitLossCalculation -->
  <system-out/>
  <testcase name="testStockProfitLossCalculation" time="0.000" classname="com.nse.stock.tests.StockProfitLossTest">
    <skipped/>
  </testcase> <!-- testStockProfitLossCalculation -->
  <system-out/>
  <testcase name="testStockProfitLossCalculation" time="0.000" classname="com.nse.stock.tests.StockProfitLossTest">
    <skipped/>
  </testcase> <!-- testStockProfitLossCalculation -->
  <system-out/>
  <testcase name="testStockProfitLossCalculation" time="0.000" classname="com.nse.stock.tests.StockProfitLossTest">
    <skipped/>
  </testcase> <!-- testStockProfitLossCalculation -->
  <system-out/>
  <testcase name="testStockProfitLossCalculation" time="0.000" classname="com.nse.stock.tests.StockProfitLossTest">
    <skipped/>
  </testcase> <!-- testStockProfitLossCalculation -->
  <system-out/>
  <testcase name="testStockProfitLossCalculation" time="0.000" classname="com.nse.stock.tests.StockProfitLossTest">
    <skipped/>
  </testcase> <!-- testStockProfitLossCalculation -->
  <system-out/>
  <testcase name="testStockProfitLossCalculation" time="0.000" classname="com.nse.stock.tests.StockProfitLossTest">
    <skipped/>
  </testcase> <!-- testStockProfitLossCalculation -->
  <system-out/>
  <testcase name="testStockProfitLossCalculation" time="0.000" classname="com.nse.stock.tests.StockProfitLossTest">
    <skipped/>
  </testcase> <!-- testStockProfitLossCalculation -->
  <system-out/>
  <testcase name="testStockProfitLossCalculation" time="0.000" classname="com.nse.stock.tests.StockProfitLossTest">
    <skipped/>
  </testcase> <!-- testStockProfitLossCalculation -->
  <system-out/>
  <testcase name="testStockProfitLossCalculation" time="0.000" classname="com.nse.stock.tests.StockProfitLossTest">
    <skipped/>
  </testcase> <!-- testStockProfitLossCalculation -->
  <system-out/>
  <testcase name="testStockProfitLossCalculation" time="0.000" classname="com.nse.stock.tests.StockProfitLossTest">
    <skipped/>
  </testcase> <!-- testStockProfitLossCalculation -->
  <system-out/>
  <testcase name="testStockProfitLossCalculation" time="0.000" classname="com.nse.stock.tests.StockProfitLossTest">
    <skipped/>
  </testcase> <!-- testStockProfitLossCalculation -->
  <system-out/>
  <testcase name="testTataMotorsProfitLoss" time="0.000" classname="com.nse.stock.tests.StockProfitLossTest">
    <skipped/>
  </testcase> <!-- testTataMotorsProfitLoss -->
  <system-out/>
  <testcase name="testTataMotorsProfitLoss" time="0.000" classname="com.nse.stock.tests.StockProfitLossTest">
    <skipped/>
  </testcase> <!-- testTataMotorsProfitLoss -->
  <system-out/>
  <testcase name="testTataMotorsProfitLoss" time="0.000" classname="com.nse.stock.tests.StockProfitLossTest">
    <skipped/>
  </testcase> <!-- testTataMotorsProfitLoss -->
  <system-out/>
  <testcase name="testCustomPurchasePriceProfitLoss" time="0.000" classname="com.nse.stock.tests.StockProfitLossTest">
    <skipped/>
  </testcase> <!-- testCustomPurchasePriceProfitLoss -->
  <system-out/>
  <testcase name="testCustomPurchasePriceProfitLoss" time="0.000" classname="com.nse.stock.tests.StockProfitLossTest">
    <skipped/>
  </testcase> <!-- testCustomPurchasePriceProfitLoss -->
  <system-out/>
  <testcase name="testCustomPurchasePriceProfitLoss" time="0.000" classname="com.nse.stock.tests.StockProfitLossTest">
    <skipped/>
  </testcase> <!-- testCustomPurchasePriceProfitLoss -->
  <system-out/>
  <testcase name="testBatchProfitLossCalculation" time="0.000" classname="com.nse.stock.tests.StockProfitLossTest">
    <skipped/>
  </testcase> <!-- testBatchProfitLossCalculation -->
  <system-out/>
  <testcase name="testBatchProfitLossCalculation" time="0.000" classname="com.nse.stock.tests.StockProfitLossTest">
    <skipped/>
  </testcase> <!-- testBatchProfitLossCalculation -->
  <system-out/>
  <testcase name="testBatchProfitLossCalculation" time="0.000" classname="com.nse.stock.tests.StockProfitLossTest">
    <skipped/>
  </testcase> <!-- testBatchProfitLossCalculation -->
  <system-out/>
  <testcase name="testProfitLossEdgeCases" time="0.000" classname="com.nse.stock.tests.StockProfitLossTest">
    <skipped/>
  </testcase> <!-- testProfitLossEdgeCases -->
  <system-out/>
  <testcase name="testProfitLossEdgeCases" time="0.000" classname="com.nse.stock.tests.StockProfitLossTest">
    <skipped/>
  </testcase> <!-- testProfitLossEdgeCases -->
  <system-out/>
  <testcase name="testProfitLossEdgeCases" time="0.000" classname="com.nse.stock.tests.StockProfitLossTest">
    <skipped/>
  </testcase> <!-- testProfitLossEdgeCases -->
  <system-out/>
</testsuite> <!-- com.nse.stock.tests.StockProfitLossTest -->
